<?xml version="1.0" encoding="UTF-8"?>
<testng-results ignored="0" total="1" passed="1" failed="0" skipped="0">
  <reporter-output>
  </reporter-output>
  <suite started-at="2023-11-26T16:05:14 IST" name="Suite" finished-at="2023-11-26T16:05:33 IST" duration-ms="18969">
    <groups>
    </groups>
    <test started-at="2023-11-26T16:05:14 IST" name="Test" finished-at="2023-11-26T16:05:33 IST" duration-ms="18969">
      <class name="com.demoblaze.tests.logintests">
        <test-method signature="loginWithCreditals()[pri:0, instance:com.demoblaze.tests.logintests@5d465e4b]" started-at="2023-11-26T16:05:14 IST" name="loginWithCreditals" finished-at="2023-11-26T16:05:33 IST" duration-ms="18574" status="PASS">
          <reporter-output>
          </reporter-output>
        </test-method> <!-- loginWithCreditals -->
      </class> <!-- com.demoblaze.tests.logintests -->
    </test> <!-- Test -->
  </suite> <!-- Suite -->
</testng-results>
